<?xml version="1.0" encoding="UTF-8"?>
<testng-results ignored="0" total="2" passed="2" failed="0" skipped="0">
  <reporter-output>
  </reporter-output>
  <suite started-at="2025-02-10T16:27:22 IST" name="Default suite" finished-at="2025-02-10T16:28:13 IST" duration-ms="51510">
    <groups>
    </groups>
    <test started-at="2025-02-10T16:27:22 IST" name="Default test" finished-at="2025-02-10T16:28:13 IST" duration-ms="51510">
      <class name="TCases.Automation.Annotation_Json">
        <test-method is-config="true" signature="setup()[pri:0, instance:TCases.Automation.Annotation_Json@1de5f259]" started-at="2025-02-10T16:27:22 IST" name="setup" finished-at="2025-02-10T16:27:23 IST" duration-ms="1033" status="PASS">
          <reporter-output>
          </reporter-output>
        </test-method> <!-- setup -->
        <test-method signature="login()[pri:1, instance:TCases.Automation.Annotation_Json@1de5f259]" started-at="2025-02-10T16:27:23 IST" name="login" finished-at="2025-02-10T16:27:38 IST" duration-ms="15205" status="PASS">
          <reporter-output>
          </reporter-output>
        </test-method> <!-- login -->
        <test-method signature="table()[pri:2, instance:TCases.Automation.Annotation_Json@1de5f259]" started-at="2025-02-10T16:27:38 IST" name="table" finished-at="2025-02-10T16:28:13 IST" duration-ms="35106" status="PASS">
          <reporter-output>
          </reporter-output>
        </test-method> <!-- table -->
        <test-method is-config="true" signature="tearDown()[pri:0, instance:TCases.Automation.Annotation_Json@1de5f259]" started-at="2025-02-10T16:28:13 IST" name="tearDown" finished-at="2025-02-10T16:28:13 IST" duration-ms="145" status="PASS">
          <reporter-output>
          </reporter-output>
        </test-method> <!-- tearDown -->
      </class> <!-- TCases.Automation.Annotation_Json -->
    </test> <!-- Default test -->
  </suite> <!-- Default suite -->
</testng-results>
