<?xml version="1.0" encoding="UTF-8"?>
<testng-results ignored="0" total="2" passed="2" failed="0" skipped="0">
  <reporter-output>
  </reporter-output>
  <suite started-at="2025-02-10T16:43:24 IST" name="Default suite" finished-at="2025-02-10T16:44:02 IST" duration-ms="37725">
    <groups>
    </groups>
    <test started-at="2025-02-10T16:43:24 IST" name="Default test" finished-at="2025-02-10T16:44:02 IST" duration-ms="37725">
      <class name="TCases.Automation.Description">
        <test-method is-config="true" signature="setup()[pri:0, instance:TCases.Automation.Description@1de5f259]" started-at="2025-02-10T16:43:24 IST" name="setup" finished-at="2025-02-10T16:43:26 IST" duration-ms="1352" status="PASS">
          <reporter-output>
          </reporter-output>
        </test-method> <!-- setup -->
        <test-method signature="login()[pri:1, instance:TCases.Automation.Description@1de5f259]" started-at="2025-02-10T16:43:26 IST" name="login" finished-at="2025-02-10T16:43:40 IST" duration-ms="14427" status="PASS">
          <reporter-output>
          </reporter-output>
        </test-method> <!-- login -->
        <test-method signature="table()[pri:2, instance:TCases.Automation.Description@1de5f259]" started-at="2025-02-10T16:43:40 IST" name="table" finished-at="2025-02-10T16:44:02 IST" duration-ms="21774" status="PASS">
          <reporter-output>
          </reporter-output>
        </test-method> <!-- table -->
        <test-method is-config="true" signature="tearDown()[pri:0, instance:TCases.Automation.Description@1de5f259]" started-at="2025-02-10T16:44:02 IST" name="tearDown" finished-at="2025-02-10T16:44:02 IST" duration-ms="153" status="PASS">
          <reporter-output>
          </reporter-output>
        </test-method> <!-- tearDown -->
      </class> <!-- TCases.Automation.Description -->
    </test> <!-- Default test -->
  </suite> <!-- Default suite -->
</testng-results>
